[debug] [2025-06-01T16:23:21.464Z] ----------------------------------------------------------------------
[debug] [2025-06-01T16:23:21.468Z] Command:       C:\Program Files\nodejs\node.exe C:\Users\vyoto\AppData\Roaming\npm\node_modules\firebase-tools\lib\bin\firebase.js init functions
[debug] [2025-06-01T16:23:21.468Z] CLI Version:   14.5.1
[debug] [2025-06-01T16:23:21.468Z] Platform:      win32
[debug] [2025-06-01T16:23:21.468Z] Node Version:  v22.15.0
[debug] [2025-06-01T16:23:21.469Z] Time:          Sun Jun 01 2025 19:23:21 GMT+0300 (Eastern European Summer Time)
[debug] [2025-06-01T16:23:21.469Z] ----------------------------------------------------------------------
[debug] 
[debug] [2025-06-01T16:23:21.472Z] >>> [apiv2][query] GET https://firebase-public.firebaseio.com/cli.json [none]
[debug] [2025-06-01T16:23:21.516Z] > command requires scopes: ["email","openid","https://www.googleapis.com/auth/cloudplatformprojects.readonly","https://www.googleapis.com/auth/firebase","https://www.googleapis.com/auth/cloud-platform"]
[debug] [2025-06-01T16:23:21.516Z] > authorizing via signed-in user (vyotov07@gmail.com)
[info] 
     ######## #### ########  ######## ########     ###     ######  ########
     ##        ##  ##     ## ##       ##     ##  ##   ##  ##       ##
     ######    ##  ########  ######   ########  #########  ######  ######
     ##        ##  ##    ##  ##       ##     ## ##     ##       ## ##
     ##       #### ##     ## ######## ########  ##     ##  ######  ########

You're about to initialize a Firebase project in this directory:

  C:\Users\vyoto\UrbanPulse\UrbanPulse

[debug] [2025-06-01T16:23:22.161Z] <<< [apiv2][status] GET https://firebase-public.firebaseio.com/cli.json 200
[debug] [2025-06-01T16:23:22.162Z] <<< [apiv2][body] GET https://firebase-public.firebaseio.com/cli.json {"cloudBuildErrorAfter":1594252800000,"cloudBuildWarnAfter":1590019200000,"defaultNode10After":1594252800000,"minVersion":"3.0.5","node8DeploysDisabledAfter":1613390400000,"node8RuntimeDisabledAfter":1615809600000,"node8WarnAfter":1600128000000}
